<?xml version="1.0" encoding="UTF-8"?>
<testng-results ignored="0" total="1" passed="1" failed="0" skipped="0">
  <reporter-output>
  </reporter-output>
  <suite started-at="2022-12-19T22:54:36 IST" name="com.boschjava.testing_example.AppTest" finished-at="2022-12-19T22:54:36 IST" duration-ms="31">
    <groups>
    </groups>
    <test started-at="2022-12-19T22:54:36 IST" name="Command line test" finished-at="2022-12-19T22:54:36 IST" duration-ms="31">
      <class name="com.boschjava.testing_example.AppTest">
        <test-method signature="testApp()[pri:0, instance:com.boschjava.testing_example.AppTest@6fe7aac8]" started-at="2022-12-19T22:54:36 IST" name="testApp" finished-at="2022-12-19T22:54:36 IST" duration-ms="4" status="PASS">
          <reporter-output>
          </reporter-output>
        </test-method> <!-- testApp -->
      </class> <!-- com.boschjava.testing_example.AppTest -->
    </test> <!-- Command line test -->
  </suite> <!-- com.boschjava.testing_example.AppTest -->
</testng-results>
